2026-4-29 09:43:29-log: Cannot access game frame or container.
2026-4-29 09:43:30-debug: asset-db:require-engine-code (802ms)
2026-4-29 09:43:30-log: meshopt wasm decoder initialized
2026-4-29 09:43:30-log: [box2d]:box2d wasm lib loaded.
2026-4-29 09:43:30-log: [bullet]:bullet wasm lib loaded.
2026-4-29 09:43:30-log: Cocos Creator v3.8.6
2026-4-29 09:43:30-log: Forward render pipeline initialized.
2026-4-29 09:43:30-debug: [Assets Memory track]: asset-db:worker-init: initEngine start:31.34MB, end 80.21MB, increase: 48.87MB
2026-4-29 09:43:30-log: Using legacy pipeline
2026-4-29 09:43:30-debug: [Assets Memory track]: asset-db-plugin-register: programming start:81.31MB, end 84.47MB, increase: 3.16MB
2026-4-29 09:43:32-debug: [Assets Memory track]: asset-db-plugin-register: engine-extends start:225.16MB, end 228.31MB, increase: 3.15MB
2026-4-29 09:43:32-debug: [Assets Memory track]: asset-db-plugin-register: project start:81.16MB, end 228.51MB, increase: 147.35MB
2026-4-29 09:43:32-debug: [Assets Memory track]: asset-db-plugin-register: builder start:84.52MB, end 224.91MB, increase: 140.39MB
2026-4-29 09:43:32-debug: [Assets Memory track]: asset-db:worker-init: initPlugin start:80.23MB, end 228.54MB, increase: 148.31MB
2026-4-29 09:43:32-debug: run package(im-plugin) handler(enable) start
2026-4-29 09:43:32-debug: run package(fix-asset-default-userdata) handler(enable) start
2026-4-29 09:43:32-debug: run package(im-plugin) handler(enable) success!
2026-4-29 09:43:32-debug: run package(fix-asset-default-userdata) handler(enable) success!
2026-4-29 09:43:32-debug: run package(prefab-finder) handler(enable) success!
2026-4-29 09:43:32-debug: run package(prefab-finder) handler(enable) start
2026-4-29 09:43:32-debug: run package(placeholder) handler(enable) start
2026-4-29 09:43:32-debug: asset-db:worker-init: initPlugin (1656ms)
2026-4-29 09:43:32-debug: run package(placeholder) handler(enable) success!
2026-4-29 09:43:32-debug: Run asset db hook engine-extends:beforePreStart ...
2026-4-29 09:43:32-debug: Run asset db hook programming:beforePreStart success!
2026-4-29 09:43:32-debug: Run asset db hook programming:beforePreStart ...
2026-4-29 09:43:32-debug: [Assets Memory track]: asset-db:worker-init start:31.33MB, end 228.80MB, increase: 197.47MB
2026-4-29 09:43:32-debug: Run asset db hook engine-extends:beforePreStart success!
2026-4-29 09:43:32-debug: asset-db:worker-init (3281ms)
2026-4-29 09:43:32-debug: asset-db-hook-programming-beforePreStart (340ms)
2026-4-29 09:43:32-debug: asset-db-hook-engine-extends-beforePreStart (339ms)
2026-4-29 09:43:32-debug: Preimport db internal success
2026-4-29 09:43:32-debug: %cImport%c: C:\myProject\cocos\assets\scriptsbackground: #aaff85; color: #000;color: #000;
2026-4-29 09:43:32-debug: %cImport%c: C:\myProject\cocos\assets\scripts\componentsbackground: #aaff85; color: #000;color: #000;
2026-4-29 09:43:32-debug: %cImport%c: C:\myProject\cocos\assets\scripts\CombatManager.tsbackground: #aaff85; color: #000;color: #000;
2026-4-29 09:43:32-debug: %cImport%c: C:\myProject\cocos\assets\scripts\components\Marquee.tsbackground: #aaff85; color: #000;color: #000;
2026-4-29 09:43:32-debug: Preimport db assets success
2026-4-29 09:43:32-debug: Run asset db hook programming:afterPreStart ...
2026-4-29 09:43:32-debug: starting packer-driver...
2026-4-29 09:43:33-debug: initialize scripting environment...
2026-4-29 09:43:33-debug: [[Executor]] prepare before lock
2026-4-29 09:43:33-debug: Set detail map pack:///resolution-detail-map.json: {}
2026-4-29 09:43:33-debug: [[Executor]] prepare after unlock
2026-4-29 09:43:33-debug: Run asset db hook engine-extends:afterPreStart ...
2026-4-29 09:43:33-debug: Run asset db hook engine-extends:afterPreStart success!
2026-4-29 09:43:33-debug: Run asset db hook programming:afterPreStart success!
2026-4-29 09:43:33-debug: Start up the 'internal' database...
2026-4-29 09:43:33-debug: asset-db-hook-programming-afterPreStart (1105ms)
2026-4-29 09:43:33-debug: asset-db-hook-engine-extends-afterPreStart (443ms)
2026-4-29 09:43:33-debug: asset-db:worker-effect-data-processing (443ms)
2026-4-29 09:43:33-debug: [Assets Memory track]: asset-db:worker-startup-database[internal] start:228.89MB, end 242.86MB, increase: 13.97MB
2026-4-29 09:43:34-debug: Start up the 'assets' database...
2026-4-29 09:43:34-debug: asset-db:worker-startup-database[internal] (1721ms)
2026-4-29 09:43:34-debug: lazy register asset handler *
2026-4-29 09:43:34-debug: [Assets Memory track]: asset-db:worker-startup-database[assets] start:228.40MB, end 242.84MB, increase: 14.44MB
2026-4-29 09:43:34-debug: lazy register asset handler directory
2026-4-29 09:43:34-debug: [Assets Memory track]: asset-db:worker-init: startup start:229.48MB, end 242.86MB, increase: 13.37MB
2026-4-29 09:43:34-debug: lazy register asset handler text
2026-4-29 09:43:34-debug: lazy register asset handler json
2026-4-29 09:43:34-debug: lazy register asset handler dragonbones-atlas
2026-4-29 09:43:34-debug: lazy register asset handler dragonbones
2026-4-29 09:43:34-debug: lazy register asset handler spine-data
2026-4-29 09:43:34-debug: lazy register asset handler terrain
2026-4-29 09:43:34-debug: lazy register asset handler javascript
2026-4-29 09:43:34-debug: lazy register asset handler typescript
2026-4-29 09:43:34-debug: lazy register asset handler sprite-frame
2026-4-29 09:43:34-debug: lazy register asset handler prefab
2026-4-29 09:43:34-debug: lazy register asset handler scene
2026-4-29 09:43:34-debug: lazy register asset handler tiled-map
2026-4-29 09:43:34-debug: lazy register asset handler buffer
2026-4-29 09:43:34-debug: lazy register asset handler image
2026-4-29 09:43:34-debug: lazy register asset handler texture
2026-4-29 09:43:34-debug: lazy register asset handler texture-cube
2026-4-29 09:43:34-debug: lazy register asset handler sign-image
2026-4-29 09:43:34-debug: lazy register asset handler erp-texture-cube
2026-4-29 09:43:34-debug: lazy register asset handler alpha-image
2026-4-29 09:43:34-debug: lazy register asset handler render-texture
2026-4-29 09:43:34-debug: lazy register asset handler rt-sprite-frame
2026-4-29 09:43:34-debug: lazy register asset handler texture-cube-face
2026-4-29 09:43:34-debug: lazy register asset handler gltf
2026-4-29 09:43:34-debug: lazy register asset handler gltf-mesh
2026-4-29 09:43:34-debug: lazy register asset handler gltf-animation
2026-4-29 09:43:34-debug: lazy register asset handler gltf-skeleton
2026-4-29 09:43:34-debug: lazy register asset handler gltf-material
2026-4-29 09:43:34-debug: lazy register asset handler gltf-embeded-image
2026-4-29 09:43:34-debug: lazy register asset handler material
2026-4-29 09:43:34-debug: lazy register asset handler gltf-scene
2026-4-29 09:43:34-debug: lazy register asset handler physics-material
2026-4-29 09:43:34-debug: lazy register asset handler effect
2026-4-29 09:43:34-debug: lazy register asset handler fbx
2026-4-29 09:43:34-debug: lazy register asset handler audio-clip
2026-4-29 09:43:34-debug: lazy register asset handler animation-clip
2026-4-29 09:43:34-debug: lazy register asset handler effect-header
2026-4-29 09:43:34-debug: lazy register asset handler animation-graph-variant
2026-4-29 09:43:34-debug: lazy register asset handler animation-graph
2026-4-29 09:43:34-debug: lazy register asset handler animation-mask
2026-4-29 09:43:34-debug: lazy register asset handler bitmap-font
2026-4-29 09:43:34-debug: lazy register asset handler ttf-font
2026-4-29 09:43:34-debug: lazy register asset handler particle
2026-4-29 09:43:34-debug: lazy register asset handler sprite-atlas
2026-4-29 09:43:34-debug: lazy register asset handler auto-atlas
2026-4-29 09:43:34-debug: lazy register asset handler label-atlas
2026-4-29 09:43:34-debug: lazy register asset handler render-pipeline
2026-4-29 09:43:34-debug: lazy register asset handler render-flow
2026-4-29 09:43:34-debug: lazy register asset handler render-stage
2026-4-29 09:43:34-debug: lazy register asset handler instantiation-mesh
2026-4-29 09:43:34-debug: lazy register asset handler instantiation-material
2026-4-29 09:43:34-debug: lazy register asset handler instantiation-animation
2026-4-29 09:43:34-debug: lazy register asset handler video-clip
2026-4-29 09:43:34-debug: lazy register asset handler instantiation-skeleton
2026-4-29 09:43:34-debug: asset-db:worker-startup-database[assets] (1310ms)
2026-4-29 09:43:34-debug: asset-db:ready (7758ms)
2026-4-29 09:43:34-debug: asset-db:start-database (1781ms)
2026-4-29 09:43:34-debug: fix the bug of updateDefaultUserData
2026-4-29 09:43:34-debug: init worker message success
2026-4-29 09:43:34-debug: programming:execute-script (5ms)
2026-4-29 09:43:34-debug: [Build Memory track]: builder:worker-init start:241.04MB, end 254.39MB, increase: 13.35MB
2026-4-29 09:43:34-debug: builder:worker-init (504ms)
2026-4-29 09:51:44-debug: Query all assets info in project
2026-4-29 09:51:44-debug: init custom config: keepNodeUuid: false, useCache: true
2026-4-29 09:51:44-debug: Skip compress image, progress: 0%
2026-4-29 09:51:44-debug: Init all bundles start..., progress: 0%
2026-4-29 09:51:44-debug: Num of bundles: 2..., progress: 0%
2026-4-29 09:51:44-debug: 查询 Asset Bundle start, progress: 0%
2026-4-29 09:51:44-debug: // ---- build task 查询 Asset Bundle ----
2026-4-29 09:51:44-debug: Init bundle root assets start..., progress: 0%
2026-4-29 09:51:44-debug:   Number of all scenes: 1
2026-4-29 09:51:44-debug:   Number of all scripts: 11
2026-4-29 09:51:44-debug: Query preload assets/scripts from cc.config.json: 60f7195c-ec2a-45eb-ba94-8955f60e81d0,1c02ae6f-4492-4915-b8f8-7492a3b1e4cd,810e96e4-e456-4468-9b59-f4e8f39732c0,efe8e2a3-eace-427b-b4f1-cb8a937ec77d,e9aa9a3e-5b2b-4ac7-a2c7-073de2b2b24f,8bbdbcdd-5cd4-4100-b6d5-b7c9625b6107,50f4348b-c883-4e2f-8f11-ce233b859fa1,fda095cb-831d-4601-ad94-846013963de8,f92806d7-1768-443f-afe8-12bcde84d0f0,dd3a144d-ab7f-41f0-82b8-2e43a090d496,f0416e68-0200-4b77-a926-4f9d16e494da,511d2633-09a7-4bdd-ac42-f778032124b3,5d45aa00-e064-4938-b314-4265f0c2258c,9361fd90-ba52-4f84-aa93-6e878fd576ca,970b0598-bcb0-4714-91fb-2e81440dccd8,bcd64cc6-2dd9-43f6-abbe-66318d332032,d930590d-bb92-4cc8-8bd1-23cd027f9edf,a3cd009f-0ab0-420d-9278-b9fdab939bbc,6a2d0734-bd9e-4ddf-946e-caa52498cb75,c27215d8-6835-4b68-bfbb-bdeac6100c04,b5d6115f-0370-4d7c-aad3-c194cc71cf98,d1346436-ac96-4271-b863-1f4fdead95b0,971bdb23-3ff6-43eb-b422-1c30165a3663,17debcc3-0a6b-4b8a-b00b-dc58b885581e,711ebe11-f673-4cd9-9a83-63c60ba54c5b,c0143906-9aed-447e-9436-2ae8512d1b6e,14da1725-c4c2-42b4-ab08-ee0aeb6898b3,081cab31-dccd-428e-8652-f2404cc81c47,78e0584a-4343-4727-8f37-e14e65c2a2db,ba21476f-2866-4f81-9c4d-6e359316e448,871c3b6c-7379-419d-bda3-794b239ab90d,1d08ef62-a503-4ce2-8b9a-46c90873f7d3,ff9b0199-ce04-4cfe-86cc-6c719f08d6e4,de1c2107-70c8-4021-8459-6399f24d01c6,cbf30902-517f-40dc-af90-a550bac27cf1
2026-4-29 09:51:44-debug:   Number of other assets: 319
2026-4-29 09:51:44-debug: Init bundle root assets success..., progress: 0%
2026-4-29 09:51:44-debug: [Build Memory track]: 查询 Asset Bundle start:195.41MB, end 195.22MB, increase: -201.43KB
2026-4-29 09:51:44-log: run build task 查询 Asset Bundle success in 7 ms√, progress: 5%
2026-4-29 09:51:44-debug: // ---- build task 查询 Asset Bundle ---- (7ms)
2026-4-29 09:51:44-debug: 查询 Asset Bundle start, progress: 5%
2026-4-29 09:51:44-debug: // ---- build task 查询 Asset Bundle ----
2026-4-29 09:51:44-debug: [Build Memory track]: 查询 Asset Bundle start:195.25MB, end 195.35MB, increase: 99.61KB
2026-4-29 09:51:44-debug: 整理部分构建选项内数据到 settings.json start, progress: 10%
2026-4-29 09:51:44-debug: // ---- build task 查询 Asset Bundle ---- (1ms)
2026-4-29 09:51:44-log: run build task 查询 Asset Bundle success in 1 ms√, progress: 10%
2026-4-29 09:51:44-debug: // ---- build task 整理部分构建选项内数据到 settings.json ----
2026-4-29 09:51:44-debug: [Build Memory track]: 整理部分构建选项内数据到 settings.json start:195.39MB, end 195.42MB, increase: 32.26KB
2026-4-29 09:51:44-debug: 填充脚本数据到 settings.json start, progress: 12%
2026-4-29 09:51:44-log: run build task 整理部分构建选项内数据到 settings.json success in -1 h -1 min -1 s√, progress: 12%
2026-4-29 09:51:44-debug: // ---- build task 填充脚本数据到 settings.json ----
2026-4-29 09:51:44-debug: // ---- build task 整理部分构建选项内数据到 settings.json ---- (-1ms)
2026-4-29 09:51:44-log: run build task 填充脚本数据到 settings.json success in -1 h -1 min -1 s√, progress: 13%
2026-4-29 09:51:44-debug: [Build Memory track]: 填充脚本数据到 settings.json start:195.46MB, end 195.49MB, increase: 32.63KB
2026-4-29 09:51:44-debug: // ---- build task 填充脚本数据到 settings.json ---- (-2ms)
2026-4-29 09:51:44-debug: 整理部分构建选项内数据到 settings.json start, progress: 13%
2026-4-29 09:51:44-debug: // ---- build task 整理部分构建选项内数据到 settings.json ----
2026-4-29 09:51:44-log: run build task 整理部分构建选项内数据到 settings.json success in 4 ms√, progress: 15%
2026-4-29 09:51:44-debug: [Build Memory track]: 整理部分构建选项内数据到 settings.json start:195.53MB, end 195.67MB, increase: 146.48KB
2026-4-29 09:51:44-debug: // ---- build task 整理部分构建选项内数据到 settings.json ---- (4ms)
2026-4-29 09:51:52-debug: refresh db internal success
2026-4-29 09:51:52-debug: Run asset db hook engine-extends:afterRefresh ...
2026-4-29 09:51:52-debug: refresh db assets success
2026-4-29 09:51:52-debug: Run asset db hook engine-extends:afterRefresh success!
2026-4-29 09:51:52-debug: asset-db:refresh-all-database (248ms)
2026-4-29 09:51:52-debug: asset-db:worker-effect-data-processing (-2ms)
2026-4-29 09:52:13-debug: %cImport%c: C:\myProject\cocos\assets\scene.scenebackground: #aaff85; color: #000;color: #000;
2026-4-29 09:52:13-debug: asset-db:reimport-assetec2b5c6d-2d66-412f-806f-4d0f823e4fa3 (6ms)
2026-4-29 09:52:15-debug: Query all assets info in project
2026-4-29 09:52:15-debug: init custom config: keepNodeUuid: false, useCache: true
2026-4-29 09:52:15-debug: Skip compress image, progress: 0%
2026-4-29 09:52:15-debug: Num of bundles: 2..., progress: 0%
2026-4-29 09:52:15-debug: Init all bundles start..., progress: 0%
2026-4-29 09:52:15-debug: 查询 Asset Bundle start, progress: 0%
2026-4-29 09:52:15-debug: // ---- build task 查询 Asset Bundle ----
2026-4-29 09:52:15-debug: Init bundle root assets start..., progress: 0%
2026-4-29 09:52:15-debug: Query preload assets/scripts from cc.config.json: 60f7195c-ec2a-45eb-ba94-8955f60e81d0,1c02ae6f-4492-4915-b8f8-7492a3b1e4cd,810e96e4-e456-4468-9b59-f4e8f39732c0,efe8e2a3-eace-427b-b4f1-cb8a937ec77d,e9aa9a3e-5b2b-4ac7-a2c7-073de2b2b24f,8bbdbcdd-5cd4-4100-b6d5-b7c9625b6107,50f4348b-c883-4e2f-8f11-ce233b859fa1,fda095cb-831d-4601-ad94-846013963de8,f92806d7-1768-443f-afe8-12bcde84d0f0,dd3a144d-ab7f-41f0-82b8-2e43a090d496,f0416e68-0200-4b77-a926-4f9d16e494da,511d2633-09a7-4bdd-ac42-f778032124b3,5d45aa00-e064-4938-b314-4265f0c2258c,9361fd90-ba52-4f84-aa93-6e878fd576ca,970b0598-bcb0-4714-91fb-2e81440dccd8,bcd64cc6-2dd9-43f6-abbe-66318d332032,d930590d-bb92-4cc8-8bd1-23cd027f9edf,a3cd009f-0ab0-420d-9278-b9fdab939bbc,6a2d0734-bd9e-4ddf-946e-caa52498cb75,c27215d8-6835-4b68-bfbb-bdeac6100c04,b5d6115f-0370-4d7c-aad3-c194cc71cf98,d1346436-ac96-4271-b863-1f4fdead95b0,971bdb23-3ff6-43eb-b422-1c30165a3663,17debcc3-0a6b-4b8a-b00b-dc58b885581e,711ebe11-f673-4cd9-9a83-63c60ba54c5b,c0143906-9aed-447e-9436-2ae8512d1b6e,14da1725-c4c2-42b4-ab08-ee0aeb6898b3,081cab31-dccd-428e-8652-f2404cc81c47,78e0584a-4343-4727-8f37-e14e65c2a2db,ba21476f-2866-4f81-9c4d-6e359316e448,871c3b6c-7379-419d-bda3-794b239ab90d,1d08ef62-a503-4ce2-8b9a-46c90873f7d3,ff9b0199-ce04-4cfe-86cc-6c719f08d6e4,de1c2107-70c8-4021-8459-6399f24d01c6,cbf30902-517f-40dc-af90-a550bac27cf1
2026-4-29 09:52:15-debug:   Number of other assets: 319
2026-4-29 09:52:15-debug:   Number of all scripts: 11
2026-4-29 09:52:15-debug:   Number of all scenes: 1
2026-4-29 09:52:15-debug: Init bundle root assets success..., progress: 0%
2026-4-29 09:52:15-debug: // ---- build task 查询 Asset Bundle ---- (5ms)
2026-4-29 09:52:15-log: run build task 查询 Asset Bundle success in 5 ms√, progress: 5%
2026-4-29 09:52:15-debug: [Build Memory track]: 查询 Asset Bundle start:198.04MB, end 197.18MB, increase: -876.66KB
2026-4-29 09:52:15-debug: 查询 Asset Bundle start, progress: 5%
2026-4-29 09:52:15-debug: // ---- build task 查询 Asset Bundle ----
2026-4-29 09:52:15-debug: [Build Memory track]: 查询 Asset Bundle start:197.22MB, end 197.31MB, increase: 87.20KB
2026-4-29 09:52:15-log: run build task 查询 Asset Bundle success in 1 ms√, progress: 10%
2026-4-29 09:52:15-debug: // ---- build task 查询 Asset Bundle ---- (1ms)
2026-4-29 09:52:15-debug: 整理部分构建选项内数据到 settings.json start, progress: 10%
2026-4-29 09:52:15-debug: // ---- build task 整理部分构建选项内数据到 settings.json ----
2026-4-29 09:52:15-log: run build task 整理部分构建选项内数据到 settings.json success in -1 h -1 min -1 s√, progress: 12%
2026-4-29 09:52:15-debug: [Build Memory track]: 整理部分构建选项内数据到 settings.json start:197.35MB, end 197.38MB, increase: 31.70KB
2026-4-29 09:52:15-debug: // ---- build task 整理部分构建选项内数据到 settings.json ---- (-1ms)
2026-4-29 09:52:15-debug: 填充脚本数据到 settings.json start, progress: 12%
2026-4-29 09:52:15-debug: // ---- build task 填充脚本数据到 settings.json ----
2026-4-29 09:52:15-debug: // ---- build task 填充脚本数据到 settings.json ---- (-1ms)
2026-4-29 09:52:15-log: run build task 填充脚本数据到 settings.json success in -1 h -1 min -1 s√, progress: 13%
2026-4-29 09:52:15-debug: [Build Memory track]: 填充脚本数据到 settings.json start:197.42MB, end 197.46MB, increase: 35.89KB
2026-4-29 09:52:15-debug: 整理部分构建选项内数据到 settings.json start, progress: 13%
2026-4-29 09:52:15-debug: // ---- build task 整理部分构建选项内数据到 settings.json ----
2026-4-29 09:52:16-log: run build task 整理部分构建选项内数据到 settings.json success in 7 ms√, progress: 15%
2026-4-29 09:52:16-debug: [Build Memory track]: 整理部分构建选项内数据到 settings.json start:197.48MB, end 196.77MB, increase: -730.68KB
2026-4-29 09:52:16-debug: // ---- build task 整理部分构建选项内数据到 settings.json ---- (7ms)
2026-4-29 09:52:23-debug: refresh db internal success
2026-4-29 09:52:23-debug: Run asset db hook engine-extends:afterRefresh ...
2026-4-29 09:52:23-debug: refresh db assets success
2026-4-29 09:52:23-debug: asset-db:worker-effect-data-processing (3ms)
2026-4-29 09:52:23-debug: Run asset db hook engine-extends:afterRefresh success!
2026-4-29 09:52:23-debug: asset-db:refresh-all-database (260ms)
2026-4-29 09:52:23-debug: asset-db-hook-engine-extends-afterRefresh (3ms)
