09:43:32.795 debug: 2026/4/29 09:43:32
09:43:32.796 debug: Project: C:\myProject\cocos
09:43:32.796 debug: Targets: editor,preview
09:43:32.799 debug: Incremental file seems great.
09:43:32.799 debug: Engine path: C:\ProgramData\cocos\editors\Creator\3.8.6\resources\resources\3d\engine
09:43:32.811 debug: Initializing target [Editor]
09:43:32.812 debug: Loading cache
09:43:32.814 debug: Loading cache costs 1.7797999999993408ms.
09:43:32.814 debug: Engine features shipped in editor: base,gfx-webgl,gfx-webgl2,gfx-empty,gfx-webgpu,3d,animation,skeletal-animation,2d,rich-text,mask,graphics,ui-skew,ui,affine-transform,particle,particle-2d,physics-framework,physics-cannon,physics-physx,physics-ammo,physics-builtin,physics-2d-framework,physics-2d-box2d-jsb,physics-2d-box2d,physics-2d-builtin,physics-2d-box2d-wasm,intersection-2d,primitive,profiler,occlusion-query,geometry-renderer,debug-renderer,audio,video,xr,light-probe,terrain,webview,tween,tiled-map,vendor-google,spine-3.8,spine-4.2,dragon-bones,marionette,procedural-animation,custom-pipeline,custom-pipeline-builtin-scripts,custom-pipeline-post-process,legacy-pipeline,websocket,websocket-server,meshopt
09:43:32.814 debug: Our import map(foo:/bar): {
  "imports": {
    "cc": "cce:/internal/x/cc"
  }
}
09:43:32.814 debug: Initializing target [Preview]
09:43:32.814 debug: Loading cache
09:43:32.816 debug: Loading cache costs 1.1579000000001543ms.
09:43:32.816 debug: Our import map(foo:/bar): {
  "imports": {
    "cc": "cce:/internal/x/cc"
  }
}
09:43:32.864 debug: Sync engine features: 2d,3d,affine-transform,animation,audio,base,custom-pipeline,dragon-bones,gfx-webgl,graphics,intersection-2d,light-probe,marionette,mask,particle,particle-2d,physics-2d-box2d,physics-ammo,primitive,profiler,rich-text,skeletal-animation,spine-3.8,terrain,tiled-map,tween,ui,ui-skew,video,websocket,webview,custom-pipeline
09:43:32.868 debug: Reset databases. Enumerated domains: [
  {
    "root": "db://internal/",
    "physical": "C:\\ProgramData\\cocos\\editors\\Creator\\3.8.6\\resources\\resources\\3d\\engine\\editor\\assets"
  },
  {
    "root": "db://assets/",
    "physical": "C:\\myProject\\cocos\\assets"
  }
]
09:43:32.868 debug: Our import map(foo:/bar): {
  "imports": {
    "cc": "cce:/internal/x/cc",
    "db://internal/": "file:///C:/ProgramData/cocos/editors/Creator/3.8.6/resources/resources/3d/engine/editor/assets/",
    "db://assets/": "file:///C:/myProject/cocos/assets/"
  }
}
09:43:32.871 debug: Our import map(foo:/bar): {
  "imports": {
    "cc": "cce:/internal/x/cc",
    "db://internal/": "file:///C:/ProgramData/cocos/editors/Creator/3.8.6/resources/resources/3d/engine/editor/assets/",
    "db://assets/": "file:///C:/myProject/cocos/assets/"
  }
}
09:43:32.873 debug: Pulling asset-db.
09:43:32.882 debug: Fetch asset-db cost: 8.656500000000051ms.
09:43:32.883 debug: Build iteration starts.
Number of accumulated asset changes: 11
Feature changed: false
09:43:32.883 debug: Target(editor) build started.
09:43:32.887 debug: Detected change: cce:/internal/x/cc. Last mtime: Thu Jan 01 1970 08:00:06 GMT+0800 (中国标准时间), Current mtime: Thu Jan 01 1970 08:00:07 GMT+0800 (中国标准时间)
09:43:32.888 debug: Inspect cce:/internal/x/cc
09:43:32.959 debug: transform url: 'cce:/internal/x/cc' costs: 71.30 ms
09:43:32.961 debug: Resolve cce:/internal/x/cc-fu/base from cce:/internal/x/cc as external dependency cce:/internal/x/cc-fu/base.
09:43:32.961 debug: Resolve cce:/internal/x/cc-fu/gfx-webgl from cce:/internal/x/cc as external dependency cce:/internal/x/cc-fu/gfx-webgl.
09:43:32.961 debug: Resolve cce:/internal/x/cc-fu/gfx-webgl2 from cce:/internal/x/cc as external dependency cce:/internal/x/cc-fu/gfx-webgl2.
09:43:32.961 debug: Resolve cce:/internal/x/cc-fu/gfx-empty from cce:/internal/x/cc as external dependency cce:/internal/x/cc-fu/gfx-empty.
09:43:32.962 debug: Resolve cce:/internal/x/cc-fu/gfx-webgpu from cce:/internal/x/cc as external dependency cce:/internal/x/cc-fu/gfx-webgpu.
09:43:32.962 debug: Resolve cce:/internal/x/cc-fu/3d from cce:/internal/x/cc as external dependency cce:/internal/x/cc-fu/3d.
09:43:32.962 debug: Resolve cce:/internal/x/cc-fu/animation from cce:/internal/x/cc as external dependency cce:/internal/x/cc-fu/animation.
09:43:32.962 debug: Resolve cce:/internal/x/cc-fu/skeletal-animation from cce:/internal/x/cc as external dependency cce:/internal/x/cc-fu/skeletal-animation.
09:43:32.962 debug: Resolve cce:/internal/x/cc-fu/2d from cce:/internal/x/cc as external dependency cce:/internal/x/cc-fu/2d.
09:43:32.962 debug: Resolve cce:/internal/x/cc-fu/sorting from cce:/internal/x/cc as external dependency cce:/internal/x/cc-fu/sorting.
09:43:32.962 debug: Resolve cce:/internal/x/cc-fu/rich-text from cce:/internal/x/cc as external dependency cce:/internal/x/cc-fu/rich-text.
09:43:32.962 debug: Resolve cce:/internal/x/cc-fu/mask from cce:/internal/x/cc as external dependency cce:/internal/x/cc-fu/mask.
09:43:32.962 debug: Resolve cce:/internal/x/cc-fu/graphics from cce:/internal/x/cc as external dependency cce:/internal/x/cc-fu/graphics.
09:43:32.962 debug: Resolve cce:/internal/x/cc-fu/ui-skew from cce:/internal/x/cc as external dependency cce:/internal/x/cc-fu/ui-skew.
09:43:32.962 debug: Resolve cce:/internal/x/cc-fu/ui from cce:/internal/x/cc as external dependency cce:/internal/x/cc-fu/ui.
09:43:32.962 debug: Resolve cce:/internal/x/cc-fu/affine-transform from cce:/internal/x/cc as external dependency cce:/internal/x/cc-fu/affine-transform.
09:43:32.962 debug: Resolve cce:/internal/x/cc-fu/particle from cce:/internal/x/cc as external dependency cce:/internal/x/cc-fu/particle.
09:43:32.962 debug: Resolve cce:/internal/x/cc-fu/particle-2d from cce:/internal/x/cc as external dependency cce:/internal/x/cc-fu/particle-2d.
09:43:32.962 debug: Resolve cce:/internal/x/cc-fu/physics-framework from cce:/internal/x/cc as external dependency cce:/internal/x/cc-fu/physics-framework.
09:43:32.962 debug: Resolve cce:/internal/x/cc-fu/physics-cannon from cce:/internal/x/cc as external dependency cce:/internal/x/cc-fu/physics-cannon.
09:43:32.962 debug: Resolve cce:/internal/x/cc-fu/physics-physx from cce:/internal/x/cc as external dependency cce:/internal/x/cc-fu/physics-physx.
09:43:32.962 debug: Resolve cce:/internal/x/cc-fu/physics-ammo from cce:/internal/x/cc as external dependency cce:/internal/x/cc-fu/physics-ammo.
09:43:32.962 debug: Resolve cce:/internal/x/cc-fu/physics-builtin from cce:/internal/x/cc as external dependency cce:/internal/x/cc-fu/physics-builtin.
09:43:32.962 debug: Resolve cce:/internal/x/cc-fu/physics-2d-framework from cce:/internal/x/cc as external dependency cce:/internal/x/cc-fu/physics-2d-framework.
09:43:32.962 debug: Resolve cce:/internal/x/cc-fu/physics-2d-box2d-jsb from cce:/internal/x/cc as external dependency cce:/internal/x/cc-fu/physics-2d-box2d-jsb.
09:43:32.962 debug: Resolve cce:/internal/x/cc-fu/physics-2d-box2d from cce:/internal/x/cc as external dependency cce:/internal/x/cc-fu/physics-2d-box2d.
09:43:32.962 debug: Resolve cce:/internal/x/cc-fu/physics-2d-builtin from cce:/internal/x/cc as external dependency cce:/internal/x/cc-fu/physics-2d-builtin.
09:43:32.962 debug: Resolve cce:/internal/x/cc-fu/physics-2d-box2d-wasm from cce:/internal/x/cc as external dependency cce:/internal/x/cc-fu/physics-2d-box2d-wasm.
09:43:32.962 debug: Resolve cce:/internal/x/cc-fu/intersection-2d from cce:/internal/x/cc as external dependency cce:/internal/x/cc-fu/intersection-2d.
09:43:32.962 debug: Resolve cce:/internal/x/cc-fu/primitive from cce:/internal/x/cc as external dependency cce:/internal/x/cc-fu/primitive.
09:43:32.962 debug: Resolve cce:/internal/x/cc-fu/profiler from cce:/internal/x/cc as external dependency cce:/internal/x/cc-fu/profiler.
09:43:32.962 debug: Resolve cce:/internal/x/cc-fu/geometry-renderer from cce:/internal/x/cc as external dependency cce:/internal/x/cc-fu/geometry-renderer.
09:43:32.963 debug: Resolve cce:/internal/x/cc-fu/audio from cce:/internal/x/cc as external dependency cce:/internal/x/cc-fu/audio.
09:43:32.963 debug: Resolve cce:/internal/x/cc-fu/video from cce:/internal/x/cc as external dependency cce:/internal/x/cc-fu/video.
09:43:32.963 debug: Resolve cce:/internal/x/cc-fu/xr from cce:/internal/x/cc as external dependency cce:/internal/x/cc-fu/xr.
09:43:32.963 debug: Resolve cce:/internal/x/cc-fu/light-probe from cce:/internal/x/cc as external dependency cce:/internal/x/cc-fu/light-probe.
09:43:32.963 debug: Resolve cce:/internal/x/cc-fu/terrain from cce:/internal/x/cc as external dependency cce:/internal/x/cc-fu/terrain.
09:43:32.963 debug: Resolve cce:/internal/x/cc-fu/webview from cce:/internal/x/cc as external dependency cce:/internal/x/cc-fu/webview.
09:43:32.963 debug: Resolve cce:/internal/x/cc-fu/tween from cce:/internal/x/cc as external dependency cce:/internal/x/cc-fu/tween.
09:43:32.963 debug: Resolve cce:/internal/x/cc-fu/tiled-map from cce:/internal/x/cc as external dependency cce:/internal/x/cc-fu/tiled-map.
09:43:32.963 debug: Resolve cce:/internal/x/cc-fu/vendor-google from cce:/internal/x/cc as external dependency cce:/internal/x/cc-fu/vendor-google.
09:43:32.963 debug: Resolve cce:/internal/x/cc-fu/spine from cce:/internal/x/cc as external dependency cce:/internal/x/cc-fu/spine.
09:43:32.963 debug: Resolve cce:/internal/x/cc-fu/dragon-bones from cce:/internal/x/cc as external dependency cce:/internal/x/cc-fu/dragon-bones.
09:43:32.963 debug: Resolve cce:/internal/x/cc-fu/custom-pipeline from cce:/internal/x/cc as external dependency cce:/internal/x/cc-fu/custom-pipeline.
09:43:32.963 debug: Resolve cce:/internal/x/cc-fu/custom-pipeline-post-process from cce:/internal/x/cc as external dependency cce:/internal/x/cc-fu/custom-pipeline-post-process.
09:43:32.963 debug: Resolve cce:/internal/x/cc-fu/legacy-pipeline from cce:/internal/x/cc as external dependency cce:/internal/x/cc-fu/legacy-pipeline.
09:43:32.963 debug: Detected change: cce:/internal/x/prerequisite-imports. Last mtime: Thu Jan 01 1970 08:59:39 GMT+0800 (中国标准时间), Current mtime: Thu Jan 01 1970 08:00:07 GMT+0800 (中国标准时间)
09:43:32.963 debug: Inspect cce:/internal/x/prerequisite-imports
09:43:32.981 debug: transform url: 'cce:/internal/x/prerequisite-imports' costs: 17.60 ms
09:43:32.984 debug: Resolve file:///C:/ProgramData/cocos/editors/Creator/3.8.6/resources/resources/3d/engine/editor/assets/default_renderpipeline/builtin-dof-pass.ts from cce:/internal/x/prerequisite-imports as file:///C:/ProgramData/cocos/editors/Creator/3.8.6/resources/resources/3d/engine/editor/assets/default_renderpipeline/builtin-dof-pass.ts.
09:43:32.987 debug: Resolve file:///C:/ProgramData/cocos/editors/Creator/3.8.6/resources/resources/3d/engine/editor/assets/default_renderpipeline/builtin-pipeline-pass.ts from cce:/internal/x/prerequisite-imports as file:///C:/ProgramData/cocos/editors/Creator/3.8.6/resources/resources/3d/engine/editor/assets/default_renderpipeline/builtin-pipeline-pass.ts.
09:43:32.990 debug: Resolve file:///C:/ProgramData/cocos/editors/Creator/3.8.6/resources/resources/3d/engine/editor/assets/default_renderpipeline/builtin-pipeline-settings.ts from cce:/internal/x/prerequisite-imports as file:///C:/ProgramData/cocos/editors/Creator/3.8.6/resources/resources/3d/engine/editor/assets/default_renderpipeline/builtin-pipeline-settings.ts.
09:43:32.992 debug: Resolve file:///C:/ProgramData/cocos/editors/Creator/3.8.6/resources/resources/3d/engine/editor/assets/default_renderpipeline/builtin-pipeline-types.ts from cce:/internal/x/prerequisite-imports as file:///C:/ProgramData/cocos/editors/Creator/3.8.6/resources/resources/3d/engine/editor/assets/default_renderpipeline/builtin-pipeline-types.ts.
09:43:32.994 debug: Resolve file:///C:/ProgramData/cocos/editors/Creator/3.8.6/resources/resources/3d/engine/editor/assets/default_renderpipeline/builtin-pipeline.ts from cce:/internal/x/prerequisite-imports as file:///C:/ProgramData/cocos/editors/Creator/3.8.6/resources/resources/3d/engine/editor/assets/default_renderpipeline/builtin-pipeline.ts.
09:43:32.996 debug: Resolve file:///C:/ProgramData/cocos/editors/Creator/3.8.6/resources/resources/3d/engine/editor/assets/tools/debug-view-runtime-control.ts from cce:/internal/x/prerequisite-imports as file:///C:/ProgramData/cocos/editors/Creator/3.8.6/resources/resources/3d/engine/editor/assets/tools/debug-view-runtime-control.ts.
09:43:32.997 debug: Resolve file:///C:/myProject/cocos/assets/scripts/AutoFitContainerTest.ts from cce:/internal/x/prerequisite-imports as file:///C:/myProject/cocos/assets/scripts/AutoFitContainerTest.ts.
09:43:32.998 debug: Resolve file:///C:/myProject/cocos/assets/scripts/CombatManager.ts from cce:/internal/x/prerequisite-imports as file:///C:/myProject/cocos/assets/scripts/CombatManager.ts.
09:43:32.999 debug: Inspect file:///C:/myProject/cocos/assets/scripts/CombatManager.ts
09:43:33.063 debug: transform url: 'file:///C:/myProject/cocos/assets/scripts/CombatManager.ts' costs: 64.10 ms
09:43:33.066 debug: Resolve file:///C:/myProject/cocos/assets/scripts/components/AutoFitContainer.ts from cce:/internal/x/prerequisite-imports as file:///C:/myProject/cocos/assets/scripts/components/AutoFitContainer.ts.
09:43:33.068 debug: Resolve file:///C:/myProject/cocos/assets/scripts/components/AutoFitContainerV2.ts from cce:/internal/x/prerequisite-imports as file:///C:/myProject/cocos/assets/scripts/components/AutoFitContainerV2.ts.
09:43:33.069 debug: Resolve file:///C:/myProject/cocos/assets/scripts/components/Marquee.ts from cce:/internal/x/prerequisite-imports as file:///C:/myProject/cocos/assets/scripts/components/Marquee.ts.
09:43:33.069 debug: Detected change: file:///C:/myProject/cocos/assets/scripts/components/Marquee.ts. Last mtime: Thu Apr 23 2026 20:40:08 GMT+0800 (中国标准时间)@21c72b97-5f9d-4bcd-bf57-7b57ef58d703, Current mtime: Wed Apr 29 2026 09:14:22 GMT+0800 (中国标准时间)@21c72b97-5f9d-4bcd-bf57-7b57ef58d703
09:43:33.069 debug: Inspect file:///C:/myProject/cocos/assets/scripts/components/Marquee.ts
09:43:33.123 debug: transform url: 'file:///C:/myProject/cocos/assets/scripts/components/Marquee.ts' costs: 54.10 ms
09:43:33.125 debug: Resolve cce:/internal/code-quality/cr.mjs from file:///C:/ProgramData/cocos/editors/Creator/3.8.6/resources/resources/3d/engine/editor/assets/default_renderpipeline/builtin-dof-pass.ts as cce:/internal/code-quality/cr.mjs.
09:43:33.126 debug: Detected change: cce:/internal/code-quality/cr.mjs. Last mtime: Thu Apr 23 2026 19:41:10 GMT+0800 (中国标准时间), Current mtime: Wed Apr 29 2026 09:43:25 GMT+0800 (中国标准时间)
09:43:33.126 debug: Inspect cce:/internal/code-quality/cr.mjs
09:43:33.135 debug: transform url: 'cce:/internal/code-quality/cr.mjs' costs: 8.70 ms
09:43:33.137 debug: Resolve cc from file:///C:/ProgramData/cocos/editors/Creator/3.8.6/resources/resources/3d/engine/editor/assets/default_renderpipeline/builtin-dof-pass.ts as cce:/internal/x/cc.
09:43:33.137 debug: Resolve cc from file:///C:/ProgramData/cocos/editors/Creator/3.8.6/resources/resources/3d/engine/editor/assets/default_renderpipeline/builtin-dof-pass.ts as cce:/internal/x/cc.
09:43:33.137 debug: Resolve cc from file:///C:/ProgramData/cocos/editors/Creator/3.8.6/resources/resources/3d/engine/editor/assets/default_renderpipeline/builtin-dof-pass.ts as cce:/internal/x/cc.
09:43:33.137 debug: Resolve cc/env from file:///C:/ProgramData/cocos/editors/Creator/3.8.6/resources/resources/3d/engine/editor/assets/default_renderpipeline/builtin-dof-pass.ts as external dependency cc/env.
09:43:33.140 debug: Resolve ./builtin-pipeline-settings from file:///C:/ProgramData/cocos/editors/Creator/3.8.6/resources/resources/3d/engine/editor/assets/default_renderpipeline/builtin-dof-pass.ts as file:///C:/ProgramData/cocos/editors/Creator/3.8.6/resources/resources/3d/engine/editor/assets/default_renderpipeline/builtin-pipeline-settings.ts.
09:43:33.142 debug: Resolve ./builtin-pipeline-pass from file:///C:/ProgramData/cocos/editors/Creator/3.8.6/resources/resources/3d/engine/editor/assets/default_renderpipeline/builtin-dof-pass.ts as file:///C:/ProgramData/cocos/editors/Creator/3.8.6/resources/resources/3d/engine/editor/assets/default_renderpipeline/builtin-pipeline-pass.ts.
09:43:33.144 debug: Resolve ./builtin-pipeline from file:///C:/ProgramData/cocos/editors/Creator/3.8.6/resources/resources/3d/engine/editor/assets/default_renderpipeline/builtin-dof-pass.ts as file:///C:/ProgramData/cocos/editors/Creator/3.8.6/resources/resources/3d/engine/editor/assets/default_renderpipeline/builtin-pipeline.ts.
09:43:33.144 debug: Resolve cce:/internal/code-quality/cr.mjs from file:///C:/ProgramData/cocos/editors/Creator/3.8.6/resources/resources/3d/engine/editor/assets/default_renderpipeline/builtin-pipeline-settings.ts as cce:/internal/code-quality/cr.mjs.
09:43:33.145 debug: Resolve cc from file:///C:/ProgramData/cocos/editors/Creator/3.8.6/resources/resources/3d/engine/editor/assets/default_renderpipeline/builtin-pipeline-settings.ts as cce:/internal/x/cc.
09:43:33.145 debug: Resolve cc from file:///C:/ProgramData/cocos/editors/Creator/3.8.6/resources/resources/3d/engine/editor/assets/default_renderpipeline/builtin-pipeline-settings.ts as cce:/internal/x/cc.
09:43:33.145 debug: Resolve cc from file:///C:/ProgramData/cocos/editors/Creator/3.8.6/resources/resources/3d/engine/editor/assets/default_renderpipeline/builtin-pipeline-settings.ts as cce:/internal/x/cc.
09:43:33.145 debug: Resolve cc/env from file:///C:/ProgramData/cocos/editors/Creator/3.8.6/resources/resources/3d/engine/editor/assets/default_renderpipeline/builtin-pipeline-settings.ts as external dependency cc/env.
09:43:33.147 debug: Resolve ./builtin-pipeline-types from file:///C:/ProgramData/cocos/editors/Creator/3.8.6/resources/resources/3d/engine/editor/assets/default_renderpipeline/builtin-pipeline-settings.ts as file:///C:/ProgramData/cocos/editors/Creator/3.8.6/resources/resources/3d/engine/editor/assets/default_renderpipeline/builtin-pipeline-types.ts.
09:43:33.147 debug: Resolve cc from file:///C:/ProgramData/cocos/editors/Creator/3.8.6/resources/resources/3d/engine/editor/assets/default_renderpipeline/builtin-pipeline-types.ts as cce:/internal/x/cc.
09:43:33.147 debug: Resolve cc from file:///C:/ProgramData/cocos/editors/Creator/3.8.6/resources/resources/3d/engine/editor/assets/default_renderpipeline/builtin-pipeline-types.ts as cce:/internal/x/cc.
09:43:33.147 debug: Resolve cc from file:///C:/ProgramData/cocos/editors/Creator/3.8.6/resources/resources/3d/engine/editor/assets/default_renderpipeline/builtin-pipeline-types.ts as cce:/internal/x/cc.
09:43:33.147 debug: Resolve cce:/internal/code-quality/cr.mjs from file:///C:/ProgramData/cocos/editors/Creator/3.8.6/resources/resources/3d/engine/editor/assets/default_renderpipeline/builtin-pipeline-pass.ts as cce:/internal/code-quality/cr.mjs.
09:43:33.147 debug: Resolve cc from file:///C:/ProgramData/cocos/editors/Creator/3.8.6/resources/resources/3d/engine/editor/assets/default_renderpipeline/builtin-pipeline-pass.ts as cce:/internal/x/cc.
09:43:33.148 debug: Resolve cc from file:///C:/ProgramData/cocos/editors/Creator/3.8.6/resources/resources/3d/engine/editor/assets/default_renderpipeline/builtin-pipeline-pass.ts as cce:/internal/x/cc.
09:43:33.148 debug: Resolve cc from file:///C:/ProgramData/cocos/editors/Creator/3.8.6/resources/resources/3d/engine/editor/assets/default_renderpipeline/builtin-pipeline-pass.ts as cce:/internal/x/cc.
09:43:33.150 debug: Resolve ./builtin-pipeline-settings from file:///C:/ProgramData/cocos/editors/Creator/3.8.6/resources/resources/3d/engine/editor/assets/default_renderpipeline/builtin-pipeline-pass.ts as file:///C:/ProgramData/cocos/editors/Creator/3.8.6/resources/resources/3d/engine/editor/assets/default_renderpipeline/builtin-pipeline-settings.ts.
09:43:33.150 debug: Resolve cc/env from file:///C:/ProgramData/cocos/editors/Creator/3.8.6/resources/resources/3d/engine/editor/assets/default_renderpipeline/builtin-pipeline-pass.ts as external dependency cc/env.
09:43:33.150 debug: Resolve cce:/internal/code-quality/cr.mjs from file:///C:/ProgramData/cocos/editors/Creator/3.8.6/resources/resources/3d/engine/editor/assets/default_renderpipeline/builtin-pipeline.ts as cce:/internal/code-quality/cr.mjs.
09:43:33.150 debug: Resolve cc from file:///C:/ProgramData/cocos/editors/Creator/3.8.6/resources/resources/3d/engine/editor/assets/default_renderpipeline/builtin-pipeline.ts as cce:/internal/x/cc.
09:43:33.150 debug: Resolve cc from file:///C:/ProgramData/cocos/editors/Creator/3.8.6/resources/resources/3d/engine/editor/assets/default_renderpipeline/builtin-pipeline.ts as cce:/internal/x/cc.
09:43:33.150 debug: Resolve cc from file:///C:/ProgramData/cocos/editors/Creator/3.8.6/resources/resources/3d/engine/editor/assets/default_renderpipeline/builtin-pipeline.ts as cce:/internal/x/cc.
09:43:33.150 debug: Resolve cc/env from file:///C:/ProgramData/cocos/editors/Creator/3.8.6/resources/resources/3d/engine/editor/assets/default_renderpipeline/builtin-pipeline.ts as external dependency cc/env.
09:43:33.152 debug: Resolve ./builtin-pipeline-types from file:///C:/ProgramData/cocos/editors/Creator/3.8.6/resources/resources/3d/engine/editor/assets/default_renderpipeline/builtin-pipeline.ts as file:///C:/ProgramData/cocos/editors/Creator/3.8.6/resources/resources/3d/engine/editor/assets/default_renderpipeline/builtin-pipeline-types.ts.
09:43:33.153 debug: Resolve cc from file:///C:/ProgramData/cocos/editors/Creator/3.8.6/resources/resources/3d/engine/editor/assets/tools/debug-view-runtime-control.ts as cce:/internal/x/cc.
09:43:33.153 debug: Resolve cc from file:///C:/ProgramData/cocos/editors/Creator/3.8.6/resources/resources/3d/engine/editor/assets/tools/debug-view-runtime-control.ts as cce:/internal/x/cc.
09:43:33.153 debug: Resolve cc from file:///C:/ProgramData/cocos/editors/Creator/3.8.6/resources/resources/3d/engine/editor/assets/tools/debug-view-runtime-control.ts as cce:/internal/x/cc.
09:43:33.153 debug: Resolve cce:/internal/code-quality/cr.mjs from file:///C:/myProject/cocos/assets/scripts/AutoFitContainerTest.ts as cce:/internal/code-quality/cr.mjs.
09:43:33.153 debug: Resolve cc from file:///C:/myProject/cocos/assets/scripts/AutoFitContainerTest.ts as cce:/internal/x/cc.
09:43:33.153 debug: Resolve cc from file:///C:/myProject/cocos/assets/scripts/AutoFitContainerTest.ts as cce:/internal/x/cc.
09:43:33.153 debug: Resolve cc from file:///C:/myProject/cocos/assets/scripts/AutoFitContainerTest.ts as cce:/internal/x/cc.
09:43:33.154 debug: Resolve ./components/AutoFitContainer from file:///C:/myProject/cocos/assets/scripts/AutoFitContainerTest.ts as file:///C:/myProject/cocos/assets/scripts/components/AutoFitContainer.ts.
09:43:33.155 debug: Resolve cc from file:///C:/myProject/cocos/assets/scripts/components/AutoFitContainer.ts as cce:/internal/x/cc.
09:43:33.155 debug: Resolve cc from file:///C:/myProject/cocos/assets/scripts/components/AutoFitContainer.ts as cce:/internal/x/cc.
09:43:33.155 debug: Resolve cc from file:///C:/myProject/cocos/assets/scripts/components/AutoFitContainer.ts as cce:/internal/x/cc.
09:43:33.155 debug: Resolve cc/env from file:///C:/myProject/cocos/assets/scripts/components/AutoFitContainer.ts as external dependency cc/env.
09:43:33.155 debug: Resolve cc from file:///C:/myProject/cocos/assets/scripts/CombatManager.ts as cce:/internal/x/cc.
09:43:33.155 debug: Resolve cc from file:///C:/myProject/cocos/assets/scripts/CombatManager.ts as cce:/internal/x/cc.
09:43:33.155 debug: Resolve cc from file:///C:/myProject/cocos/assets/scripts/CombatManager.ts as cce:/internal/x/cc.
09:43:33.155 debug: Resolve cc from file:///C:/myProject/cocos/assets/scripts/components/AutoFitContainerV2.ts as cce:/internal/x/cc.
09:43:33.155 debug: Resolve cc from file:///C:/myProject/cocos/assets/scripts/components/AutoFitContainerV2.ts as cce:/internal/x/cc.
09:43:33.155 debug: Resolve cc from file:///C:/myProject/cocos/assets/scripts/components/AutoFitContainerV2.ts as cce:/internal/x/cc.
09:43:33.155 debug: Resolve cc/env from file:///C:/myProject/cocos/assets/scripts/components/AutoFitContainerV2.ts as external dependency cc/env.
09:43:33.155 debug: Resolve cc from file:///C:/myProject/cocos/assets/scripts/components/Marquee.ts as cce:/internal/x/cc.
09:43:33.155 debug: Resolve cc from file:///C:/myProject/cocos/assets/scripts/components/Marquee.ts as cce:/internal/x/cc.
09:43:33.155 debug: Resolve cc from file:///C:/myProject/cocos/assets/scripts/components/Marquee.ts as cce:/internal/x/cc.
09:43:33.155 debug: Resolve cc/env from file:///C:/myProject/cocos/assets/scripts/components/Marquee.ts as external dependency cc/env.
09:43:33.182 debug: Target(editor) ends with cost 298.3783000000003ms.
09:43:33.182 debug: Target(preview) build started.
09:43:33.185 debug: Detected change: cce:/internal/x/cc. Last mtime: Thu Jan 01 1970 08:00:06 GMT+0800 (中国标准时间), Current mtime: Thu Jan 01 1970 08:00:07 GMT+0800 (中国标准时间)
09:43:33.185 debug: Inspect cce:/internal/x/cc
09:43:33.209 debug: transform url: 'cce:/internal/x/cc' costs: 24.40 ms
09:43:33.211 debug: Resolve cce:/internal/x/cc-fu/2d from cce:/internal/x/cc as external dependency cce:/internal/x/cc-fu/2d.
09:43:33.211 debug: Resolve cce:/internal/x/cc-fu/sorting from cce:/internal/x/cc as external dependency cce:/internal/x/cc-fu/sorting.
09:43:33.211 debug: Resolve cce:/internal/x/cc-fu/3d from cce:/internal/x/cc as external dependency cce:/internal/x/cc-fu/3d.
09:43:33.211 debug: Resolve cce:/internal/x/cc-fu/affine-transform from cce:/internal/x/cc as external dependency cce:/internal/x/cc-fu/affine-transform.
09:43:33.211 debug: Resolve cce:/internal/x/cc-fu/animation from cce:/internal/x/cc as external dependency cce:/internal/x/cc-fu/animation.
09:43:33.211 debug: Resolve cce:/internal/x/cc-fu/audio from cce:/internal/x/cc as external dependency cce:/internal/x/cc-fu/audio.
09:43:33.211 debug: Resolve cce:/internal/x/cc-fu/base from cce:/internal/x/cc as external dependency cce:/internal/x/cc-fu/base.
09:43:33.212 debug: Resolve cce:/internal/x/cc-fu/custom-pipeline from cce:/internal/x/cc as external dependency cce:/internal/x/cc-fu/custom-pipeline.
09:43:33.212 debug: Resolve cce:/internal/x/cc-fu/dragon-bones from cce:/internal/x/cc as external dependency cce:/internal/x/cc-fu/dragon-bones.
09:43:33.212 debug: Resolve cce:/internal/x/cc-fu/gfx-webgl from cce:/internal/x/cc as external dependency cce:/internal/x/cc-fu/gfx-webgl.
09:43:33.212 debug: Resolve cce:/internal/x/cc-fu/graphics from cce:/internal/x/cc as external dependency cce:/internal/x/cc-fu/graphics.
09:43:33.212 debug: Resolve cce:/internal/x/cc-fu/intersection-2d from cce:/internal/x/cc as external dependency cce:/internal/x/cc-fu/intersection-2d.
09:43:33.212 debug: Resolve cce:/internal/x/cc-fu/light-probe from cce:/internal/x/cc as external dependency cce:/internal/x/cc-fu/light-probe.
09:43:33.212 debug: Resolve cce:/internal/x/cc-fu/mask from cce:/internal/x/cc as external dependency cce:/internal/x/cc-fu/mask.
09:43:33.212 debug: Resolve cce:/internal/x/cc-fu/particle from cce:/internal/x/cc as external dependency cce:/internal/x/cc-fu/particle.
09:43:33.212 debug: Resolve cce:/internal/x/cc-fu/particle-2d from cce:/internal/x/cc as external dependency cce:/internal/x/cc-fu/particle-2d.
09:43:33.212 debug: Resolve cce:/internal/x/cc-fu/physics-2d-box2d from cce:/internal/x/cc as external dependency cce:/internal/x/cc-fu/physics-2d-box2d.
09:43:33.212 debug: Resolve cce:/internal/x/cc-fu/physics-2d-framework from cce:/internal/x/cc as external dependency cce:/internal/x/cc-fu/physics-2d-framework.
09:43:33.212 debug: Resolve cce:/internal/x/cc-fu/physics-ammo from cce:/internal/x/cc as external dependency cce:/internal/x/cc-fu/physics-ammo.
09:43:33.212 debug: Resolve cce:/internal/x/cc-fu/physics-framework from cce:/internal/x/cc as external dependency cce:/internal/x/cc-fu/physics-framework.
09:43:33.212 debug: Resolve cce:/internal/x/cc-fu/primitive from cce:/internal/x/cc as external dependency cce:/internal/x/cc-fu/primitive.
09:43:33.212 debug: Resolve cce:/internal/x/cc-fu/profiler from cce:/internal/x/cc as external dependency cce:/internal/x/cc-fu/profiler.
09:43:33.212 debug: Resolve cce:/internal/x/cc-fu/rich-text from cce:/internal/x/cc as external dependency cce:/internal/x/cc-fu/rich-text.
09:43:33.212 debug: Resolve cce:/internal/x/cc-fu/skeletal-animation from cce:/internal/x/cc as external dependency cce:/internal/x/cc-fu/skeletal-animation.
09:43:33.213 debug: Resolve cce:/internal/x/cc-fu/spine from cce:/internal/x/cc as external dependency cce:/internal/x/cc-fu/spine.
09:43:33.213 debug: Resolve cce:/internal/x/cc-fu/terrain from cce:/internal/x/cc as external dependency cce:/internal/x/cc-fu/terrain.
09:43:33.213 debug: Resolve cce:/internal/x/cc-fu/tiled-map from cce:/internal/x/cc as external dependency cce:/internal/x/cc-fu/tiled-map.
09:43:33.213 debug: Resolve cce:/internal/x/cc-fu/tween from cce:/internal/x/cc as external dependency cce:/internal/x/cc-fu/tween.
09:43:33.213 debug: Resolve cce:/internal/x/cc-fu/ui from cce:/internal/x/cc as external dependency cce:/internal/x/cc-fu/ui.
09:43:33.213 debug: Resolve cce:/internal/x/cc-fu/ui-skew from cce:/internal/x/cc as external dependency cce:/internal/x/cc-fu/ui-skew.
09:43:33.213 debug: Resolve cce:/internal/x/cc-fu/video from cce:/internal/x/cc as external dependency cce:/internal/x/cc-fu/video.
09:43:33.213 debug: Resolve cce:/internal/x/cc-fu/webview from cce:/internal/x/cc as external dependency cce:/internal/x/cc-fu/webview.
09:43:33.213 debug: Detected change: cce:/internal/x/prerequisite-imports. Last mtime: Thu Jan 01 1970 08:59:39 GMT+0800 (中国标准时间), Current mtime: Thu Jan 01 1970 08:00:07 GMT+0800 (中国标准时间)
09:43:33.213 debug: Inspect cce:/internal/x/prerequisite-imports
09:43:33.228 debug: transform url: 'cce:/internal/x/prerequisite-imports' costs: 14.90 ms
09:43:33.232 debug: Resolve file:///C:/ProgramData/cocos/editors/Creator/3.8.6/resources/resources/3d/engine/editor/assets/default_renderpipeline/builtin-dof-pass.ts from cce:/internal/x/prerequisite-imports as file:///C:/ProgramData/cocos/editors/Creator/3.8.6/resources/resources/3d/engine/editor/assets/default_renderpipeline/builtin-dof-pass.ts.
09:43:33.235 debug: Resolve file:///C:/ProgramData/cocos/editors/Creator/3.8.6/resources/resources/3d/engine/editor/assets/default_renderpipeline/builtin-pipeline-pass.ts from cce:/internal/x/prerequisite-imports as file:///C:/ProgramData/cocos/editors/Creator/3.8.6/resources/resources/3d/engine/editor/assets/default_renderpipeline/builtin-pipeline-pass.ts.
09:43:33.237 debug: Resolve file:///C:/ProgramData/cocos/editors/Creator/3.8.6/resources/resources/3d/engine/editor/assets/default_renderpipeline/builtin-pipeline-settings.ts from cce:/internal/x/prerequisite-imports as file:///C:/ProgramData/cocos/editors/Creator/3.8.6/resources/resources/3d/engine/editor/assets/default_renderpipeline/builtin-pipeline-settings.ts.
09:43:33.239 debug: Resolve file:///C:/ProgramData/cocos/editors/Creator/3.8.6/resources/resources/3d/engine/editor/assets/default_renderpipeline/builtin-pipeline-types.ts from cce:/internal/x/prerequisite-imports as file:///C:/ProgramData/cocos/editors/Creator/3.8.6/resources/resources/3d/engine/editor/assets/default_renderpipeline/builtin-pipeline-types.ts.
09:43:33.241 debug: Resolve file:///C:/ProgramData/cocos/editors/Creator/3.8.6/resources/resources/3d/engine/editor/assets/default_renderpipeline/builtin-pipeline.ts from cce:/internal/x/prerequisite-imports as file:///C:/ProgramData/cocos/editors/Creator/3.8.6/resources/resources/3d/engine/editor/assets/default_renderpipeline/builtin-pipeline.ts.
09:43:33.254 debug: Resolve file:///C:/ProgramData/cocos/editors/Creator/3.8.6/resources/resources/3d/engine/editor/assets/tools/debug-view-runtime-control.ts from cce:/internal/x/prerequisite-imports as file:///C:/ProgramData/cocos/editors/Creator/3.8.6/resources/resources/3d/engine/editor/assets/tools/debug-view-runtime-control.ts.
09:43:33.255 debug: Resolve file:///C:/myProject/cocos/assets/scripts/AutoFitContainerTest.ts from cce:/internal/x/prerequisite-imports as file:///C:/myProject/cocos/assets/scripts/AutoFitContainerTest.ts.
09:43:33.256 debug: Resolve file:///C:/myProject/cocos/assets/scripts/CombatManager.ts from cce:/internal/x/prerequisite-imports as file:///C:/myProject/cocos/assets/scripts/CombatManager.ts.
09:43:33.257 debug: Inspect file:///C:/myProject/cocos/assets/scripts/CombatManager.ts
09:43:33.308 debug: transform url: 'file:///C:/myProject/cocos/assets/scripts/CombatManager.ts' costs: 51.30 ms
09:43:33.311 debug: Resolve file:///C:/myProject/cocos/assets/scripts/components/AutoFitContainer.ts from cce:/internal/x/prerequisite-imports as file:///C:/myProject/cocos/assets/scripts/components/AutoFitContainer.ts.
09:43:33.313 debug: Resolve file:///C:/myProject/cocos/assets/scripts/components/AutoFitContainerV2.ts from cce:/internal/x/prerequisite-imports as file:///C:/myProject/cocos/assets/scripts/components/AutoFitContainerV2.ts.
09:43:33.314 debug: Resolve file:///C:/myProject/cocos/assets/scripts/components/Marquee.ts from cce:/internal/x/prerequisite-imports as file:///C:/myProject/cocos/assets/scripts/components/Marquee.ts.
09:43:33.314 debug: Detected change: file:///C:/myProject/cocos/assets/scripts/components/Marquee.ts. Last mtime: Thu Apr 23 2026 20:40:08 GMT+0800 (中国标准时间)@21c72b97-5f9d-4bcd-bf57-7b57ef58d703, Current mtime: Wed Apr 29 2026 09:14:22 GMT+0800 (中国标准时间)@21c72b97-5f9d-4bcd-bf57-7b57ef58d703
09:43:33.314 debug: Inspect file:///C:/myProject/cocos/assets/scripts/components/Marquee.ts
09:43:33.364 debug: transform url: 'file:///C:/myProject/cocos/assets/scripts/components/Marquee.ts' costs: 50.20 ms
09:43:33.367 debug: Resolve cce:/internal/code-quality/cr.mjs from file:///C:/ProgramData/cocos/editors/Creator/3.8.6/resources/resources/3d/engine/editor/assets/default_renderpipeline/builtin-dof-pass.ts as cce:/internal/code-quality/cr.mjs.
09:43:33.367 debug: Detected change: cce:/internal/code-quality/cr.mjs. Last mtime: Thu Apr 23 2026 19:41:10 GMT+0800 (中国标准时间), Current mtime: Wed Apr 29 2026 09:43:25 GMT+0800 (中国标准时间)
09:43:33.367 debug: Inspect cce:/internal/code-quality/cr.mjs
09:43:33.375 debug: transform url: 'cce:/internal/code-quality/cr.mjs' costs: 8.30 ms
09:43:33.378 debug: Resolve cc from file:///C:/ProgramData/cocos/editors/Creator/3.8.6/resources/resources/3d/engine/editor/assets/default_renderpipeline/builtin-dof-pass.ts as cce:/internal/x/cc.
09:43:33.378 debug: Resolve cc from file:///C:/ProgramData/cocos/editors/Creator/3.8.6/resources/resources/3d/engine/editor/assets/default_renderpipeline/builtin-dof-pass.ts as cce:/internal/x/cc.
09:43:33.378 debug: Resolve cc from file:///C:/ProgramData/cocos/editors/Creator/3.8.6/resources/resources/3d/engine/editor/assets/default_renderpipeline/builtin-dof-pass.ts as cce:/internal/x/cc.
09:43:33.378 debug: Resolve cc/env from file:///C:/ProgramData/cocos/editors/Creator/3.8.6/resources/resources/3d/engine/editor/assets/default_renderpipeline/builtin-dof-pass.ts as external dependency cc/env.
09:43:33.380 debug: Resolve ./builtin-pipeline-settings from file:///C:/ProgramData/cocos/editors/Creator/3.8.6/resources/resources/3d/engine/editor/assets/default_renderpipeline/builtin-dof-pass.ts as file:///C:/ProgramData/cocos/editors/Creator/3.8.6/resources/resources/3d/engine/editor/assets/default_renderpipeline/builtin-pipeline-settings.ts.
09:43:33.383 debug: Resolve ./builtin-pipeline-pass from file:///C:/ProgramData/cocos/editors/Creator/3.8.6/resources/resources/3d/engine/editor/assets/default_renderpipeline/builtin-dof-pass.ts as file:///C:/ProgramData/cocos/editors/Creator/3.8.6/resources/resources/3d/engine/editor/assets/default_renderpipeline/builtin-pipeline-pass.ts.
09:43:33.385 debug: Resolve ./builtin-pipeline from file:///C:/ProgramData/cocos/editors/Creator/3.8.6/resources/resources/3d/engine/editor/assets/default_renderpipeline/builtin-dof-pass.ts as file:///C:/ProgramData/cocos/editors/Creator/3.8.6/resources/resources/3d/engine/editor/assets/default_renderpipeline/builtin-pipeline.ts.
09:43:33.385 debug: Resolve cce:/internal/code-quality/cr.mjs from file:///C:/ProgramData/cocos/editors/Creator/3.8.6/resources/resources/3d/engine/editor/assets/default_renderpipeline/builtin-pipeline-settings.ts as cce:/internal/code-quality/cr.mjs.
09:43:33.385 debug: Resolve cc from file:///C:/ProgramData/cocos/editors/Creator/3.8.6/resources/resources/3d/engine/editor/assets/default_renderpipeline/builtin-pipeline-settings.ts as cce:/internal/x/cc.
09:43:33.385 debug: Resolve cc from file:///C:/ProgramData/cocos/editors/Creator/3.8.6/resources/resources/3d/engine/editor/assets/default_renderpipeline/builtin-pipeline-settings.ts as cce:/internal/x/cc.
09:43:33.385 debug: Resolve cc from file:///C:/ProgramData/cocos/editors/Creator/3.8.6/resources/resources/3d/engine/editor/assets/default_renderpipeline/builtin-pipeline-settings.ts as cce:/internal/x/cc.
09:43:33.385 debug: Resolve cc/env from file:///C:/ProgramData/cocos/editors/Creator/3.8.6/resources/resources/3d/engine/editor/assets/default_renderpipeline/builtin-pipeline-settings.ts as external dependency cc/env.
09:43:33.388 debug: Resolve ./builtin-pipeline-types from file:///C:/ProgramData/cocos/editors/Creator/3.8.6/resources/resources/3d/engine/editor/assets/default_renderpipeline/builtin-pipeline-settings.ts as file:///C:/ProgramData/cocos/editors/Creator/3.8.6/resources/resources/3d/engine/editor/assets/default_renderpipeline/builtin-pipeline-types.ts.
09:43:33.388 debug: Resolve cc from file:///C:/ProgramData/cocos/editors/Creator/3.8.6/resources/resources/3d/engine/editor/assets/default_renderpipeline/builtin-pipeline-types.ts as cce:/internal/x/cc.
09:43:33.388 debug: Resolve cc from file:///C:/ProgramData/cocos/editors/Creator/3.8.6/resources/resources/3d/engine/editor/assets/default_renderpipeline/builtin-pipeline-types.ts as cce:/internal/x/cc.
09:43:33.388 debug: Resolve cc from file:///C:/ProgramData/cocos/editors/Creator/3.8.6/resources/resources/3d/engine/editor/assets/default_renderpipeline/builtin-pipeline-types.ts as cce:/internal/x/cc.
09:43:33.388 debug: Resolve cce:/internal/code-quality/cr.mjs from file:///C:/ProgramData/cocos/editors/Creator/3.8.6/resources/resources/3d/engine/editor/assets/default_renderpipeline/builtin-pipeline-pass.ts as cce:/internal/code-quality/cr.mjs.
09:43:33.388 debug: Resolve cc from file:///C:/ProgramData/cocos/editors/Creator/3.8.6/resources/resources/3d/engine/editor/assets/default_renderpipeline/builtin-pipeline-pass.ts as cce:/internal/x/cc.
09:43:33.388 debug: Resolve cc from file:///C:/ProgramData/cocos/editors/Creator/3.8.6/resources/resources/3d/engine/editor/assets/default_renderpipeline/builtin-pipeline-pass.ts as cce:/internal/x/cc.
09:43:33.388 debug: Resolve cc from file:///C:/ProgramData/cocos/editors/Creator/3.8.6/resources/resources/3d/engine/editor/assets/default_renderpipeline/builtin-pipeline-pass.ts as cce:/internal/x/cc.
09:43:33.390 debug: Resolve ./builtin-pipeline-settings from file:///C:/ProgramData/cocos/editors/Creator/3.8.6/resources/resources/3d/engine/editor/assets/default_renderpipeline/builtin-pipeline-pass.ts as file:///C:/ProgramData/cocos/editors/Creator/3.8.6/resources/resources/3d/engine/editor/assets/default_renderpipeline/builtin-pipeline-settings.ts.
09:43:33.390 debug: Resolve cc/env from file:///C:/ProgramData/cocos/editors/Creator/3.8.6/resources/resources/3d/engine/editor/assets/default_renderpipeline/builtin-pipeline-pass.ts as external dependency cc/env.
09:43:33.390 debug: Resolve cce:/internal/code-quality/cr.mjs from file:///C:/ProgramData/cocos/editors/Creator/3.8.6/resources/resources/3d/engine/editor/assets/default_renderpipeline/builtin-pipeline.ts as cce:/internal/code-quality/cr.mjs.
09:43:33.390 debug: Resolve cc from file:///C:/ProgramData/cocos/editors/Creator/3.8.6/resources/resources/3d/engine/editor/assets/default_renderpipeline/builtin-pipeline.ts as cce:/internal/x/cc.
09:43:33.390 debug: Resolve cc from file:///C:/ProgramData/cocos/editors/Creator/3.8.6/resources/resources/3d/engine/editor/assets/default_renderpipeline/builtin-pipeline.ts as cce:/internal/x/cc.
09:43:33.391 debug: Resolve cc from file:///C:/ProgramData/cocos/editors/Creator/3.8.6/resources/resources/3d/engine/editor/assets/default_renderpipeline/builtin-pipeline.ts as cce:/internal/x/cc.
09:43:33.391 debug: Resolve cc/env from file:///C:/ProgramData/cocos/editors/Creator/3.8.6/resources/resources/3d/engine/editor/assets/default_renderpipeline/builtin-pipeline.ts as external dependency cc/env.
09:43:33.393 debug: Resolve ./builtin-pipeline-types from file:///C:/ProgramData/cocos/editors/Creator/3.8.6/resources/resources/3d/engine/editor/assets/default_renderpipeline/builtin-pipeline.ts as file:///C:/ProgramData/cocos/editors/Creator/3.8.6/resources/resources/3d/engine/editor/assets/default_renderpipeline/builtin-pipeline-types.ts.
09:43:33.393 debug: Resolve cc from file:///C:/ProgramData/cocos/editors/Creator/3.8.6/resources/resources/3d/engine/editor/assets/tools/debug-view-runtime-control.ts as cce:/internal/x/cc.
09:43:33.393 debug: Resolve cc from file:///C:/ProgramData/cocos/editors/Creator/3.8.6/resources/resources/3d/engine/editor/assets/tools/debug-view-runtime-control.ts as cce:/internal/x/cc.
09:43:33.393 debug: Resolve cc from file:///C:/ProgramData/cocos/editors/Creator/3.8.6/resources/resources/3d/engine/editor/assets/tools/debug-view-runtime-control.ts as cce:/internal/x/cc.
09:43:33.393 debug: Resolve cce:/internal/code-quality/cr.mjs from file:///C:/myProject/cocos/assets/scripts/AutoFitContainerTest.ts as cce:/internal/code-quality/cr.mjs.
09:43:33.393 debug: Resolve cc from file:///C:/myProject/cocos/assets/scripts/AutoFitContainerTest.ts as cce:/internal/x/cc.
09:43:33.393 debug: Resolve cc from file:///C:/myProject/cocos/assets/scripts/AutoFitContainerTest.ts as cce:/internal/x/cc.
09:43:33.393 debug: Resolve cc from file:///C:/myProject/cocos/assets/scripts/AutoFitContainerTest.ts as cce:/internal/x/cc.
09:43:33.395 debug: Resolve ./components/AutoFitContainer from file:///C:/myProject/cocos/assets/scripts/AutoFitContainerTest.ts as file:///C:/myProject/cocos/assets/scripts/components/AutoFitContainer.ts.
09:43:33.395 debug: Resolve cc from file:///C:/myProject/cocos/assets/scripts/components/AutoFitContainer.ts as cce:/internal/x/cc.
09:43:33.395 debug: Resolve cc from file:///C:/myProject/cocos/assets/scripts/components/AutoFitContainer.ts as cce:/internal/x/cc.
09:43:33.395 debug: Resolve cc from file:///C:/myProject/cocos/assets/scripts/components/AutoFitContainer.ts as cce:/internal/x/cc.
09:43:33.395 debug: Resolve cc/env from file:///C:/myProject/cocos/assets/scripts/components/AutoFitContainer.ts as external dependency cc/env.
09:43:33.395 debug: Resolve cc from file:///C:/myProject/cocos/assets/scripts/CombatManager.ts as cce:/internal/x/cc.
09:43:33.395 debug: Resolve cc from file:///C:/myProject/cocos/assets/scripts/CombatManager.ts as cce:/internal/x/cc.
09:43:33.395 debug: Resolve cc from file:///C:/myProject/cocos/assets/scripts/CombatManager.ts as cce:/internal/x/cc.
09:43:33.395 debug: Resolve cc from file:///C:/myProject/cocos/assets/scripts/components/AutoFitContainerV2.ts as cce:/internal/x/cc.
09:43:33.395 debug: Resolve cc from file:///C:/myProject/cocos/assets/scripts/components/AutoFitContainerV2.ts as cce:/internal/x/cc.
09:43:33.395 debug: Resolve cc from file:///C:/myProject/cocos/assets/scripts/components/AutoFitContainerV2.ts as cce:/internal/x/cc.
09:43:33.395 debug: Resolve cc/env from file:///C:/myProject/cocos/assets/scripts/components/AutoFitContainerV2.ts as external dependency cc/env.
09:43:33.395 debug: Resolve cc from file:///C:/myProject/cocos/assets/scripts/components/Marquee.ts as cce:/internal/x/cc.
09:43:33.395 debug: Resolve cc from file:///C:/myProject/cocos/assets/scripts/components/Marquee.ts as cce:/internal/x/cc.
09:43:33.396 debug: Resolve cc from file:///C:/myProject/cocos/assets/scripts/components/Marquee.ts as cce:/internal/x/cc.
09:43:33.396 debug: Resolve cc/env from file:///C:/myProject/cocos/assets/scripts/components/Marquee.ts as external dependency cc/env.
09:43:33.424 debug: Target(preview) ends with cost 241.28590000000077ms.
09:43:34.069 debug: Pulling asset-db.
09:43:34.686 debug: Fetch asset-db cost: 615.2610000000004ms.
09:43:34.687 debug: Build iteration starts.
Number of accumulated asset changes: 11
Feature changed: false
09:43:34.687 debug: Target(editor) build started.
09:43:34.691 debug: Detected change: cce:/internal/x/prerequisite-imports. Last mtime: Thu Jan 01 1970 08:00:07 GMT+0800 (中国标准时间), Current mtime: Thu Jan 01 1970 08:00:09 GMT+0800 (中国标准时间)
09:43:34.691 debug: Inspect cce:/internal/x/prerequisite-imports
09:43:34.699 debug: transform url: 'cce:/internal/x/prerequisite-imports' costs: 7.60 ms
09:43:34.703 debug: Resolve file:///C:/ProgramData/cocos/editors/Creator/3.8.6/resources/resources/3d/engine/editor/assets/default_renderpipeline/builtin-dof-pass.ts from cce:/internal/x/prerequisite-imports as file:///C:/ProgramData/cocos/editors/Creator/3.8.6/resources/resources/3d/engine/editor/assets/default_renderpipeline/builtin-dof-pass.ts.
09:43:34.706 debug: Resolve file:///C:/ProgramData/cocos/editors/Creator/3.8.6/resources/resources/3d/engine/editor/assets/default_renderpipeline/builtin-pipeline-pass.ts from cce:/internal/x/prerequisite-imports as file:///C:/ProgramData/cocos/editors/Creator/3.8.6/resources/resources/3d/engine/editor/assets/default_renderpipeline/builtin-pipeline-pass.ts.
09:43:34.708 debug: Resolve file:///C:/ProgramData/cocos/editors/Creator/3.8.6/resources/resources/3d/engine/editor/assets/default_renderpipeline/builtin-pipeline-settings.ts from cce:/internal/x/prerequisite-imports as file:///C:/ProgramData/cocos/editors/Creator/3.8.6/resources/resources/3d/engine/editor/assets/default_renderpipeline/builtin-pipeline-settings.ts.
09:43:34.710 debug: Resolve file:///C:/ProgramData/cocos/editors/Creator/3.8.6/resources/resources/3d/engine/editor/assets/default_renderpipeline/builtin-pipeline-types.ts from cce:/internal/x/prerequisite-imports as file:///C:/ProgramData/cocos/editors/Creator/3.8.6/resources/resources/3d/engine/editor/assets/default_renderpipeline/builtin-pipeline-types.ts.
09:43:34.712 debug: Resolve file:///C:/ProgramData/cocos/editors/Creator/3.8.6/resources/resources/3d/engine/editor/assets/default_renderpipeline/builtin-pipeline.ts from cce:/internal/x/prerequisite-imports as file:///C:/ProgramData/cocos/editors/Creator/3.8.6/resources/resources/3d/engine/editor/assets/default_renderpipeline/builtin-pipeline.ts.
09:43:34.715 debug: Resolve file:///C:/ProgramData/cocos/editors/Creator/3.8.6/resources/resources/3d/engine/editor/assets/tools/debug-view-runtime-control.ts from cce:/internal/x/prerequisite-imports as file:///C:/ProgramData/cocos/editors/Creator/3.8.6/resources/resources/3d/engine/editor/assets/tools/debug-view-runtime-control.ts.
09:43:34.716 debug: Resolve file:///C:/myProject/cocos/assets/scripts/AutoFitContainerTest.ts from cce:/internal/x/prerequisite-imports as file:///C:/myProject/cocos/assets/scripts/AutoFitContainerTest.ts.
09:43:34.717 debug: Resolve file:///C:/myProject/cocos/assets/scripts/CombatManager.ts from cce:/internal/x/prerequisite-imports as file:///C:/myProject/cocos/assets/scripts/CombatManager.ts.
09:43:34.718 debug: Resolve file:///C:/myProject/cocos/assets/scripts/components/AutoFitContainer.ts from cce:/internal/x/prerequisite-imports as file:///C:/myProject/cocos/assets/scripts/components/AutoFitContainer.ts.
09:43:34.720 debug: Resolve file:///C:/myProject/cocos/assets/scripts/components/AutoFitContainerV2.ts from cce:/internal/x/prerequisite-imports as file:///C:/myProject/cocos/assets/scripts/components/AutoFitContainerV2.ts.
09:43:34.721 debug: Resolve file:///C:/myProject/cocos/assets/scripts/components/Marquee.ts from cce:/internal/x/prerequisite-imports as file:///C:/myProject/cocos/assets/scripts/components/Marquee.ts.
09:43:34.750 debug: Target(editor) ends with cost 62.623999999999796ms.
09:43:34.750 debug: Target(preview) build started.
09:43:34.753 debug: Detected change: cce:/internal/x/prerequisite-imports. Last mtime: Thu Jan 01 1970 08:00:07 GMT+0800 (中国标准时间), Current mtime: Thu Jan 01 1970 08:00:09 GMT+0800 (中国标准时间)
09:43:34.753 debug: Inspect cce:/internal/x/prerequisite-imports
09:43:34.765 debug: transform url: 'cce:/internal/x/prerequisite-imports' costs: 11.40 ms
09:43:34.769 debug: Resolve file:///C:/ProgramData/cocos/editors/Creator/3.8.6/resources/resources/3d/engine/editor/assets/default_renderpipeline/builtin-dof-pass.ts from cce:/internal/x/prerequisite-imports as file:///C:/ProgramData/cocos/editors/Creator/3.8.6/resources/resources/3d/engine/editor/assets/default_renderpipeline/builtin-dof-pass.ts.
09:43:34.772 debug: Resolve file:///C:/ProgramData/cocos/editors/Creator/3.8.6/resources/resources/3d/engine/editor/assets/default_renderpipeline/builtin-pipeline-pass.ts from cce:/internal/x/prerequisite-imports as file:///C:/ProgramData/cocos/editors/Creator/3.8.6/resources/resources/3d/engine/editor/assets/default_renderpipeline/builtin-pipeline-pass.ts.
09:43:34.775 debug: Resolve file:///C:/ProgramData/cocos/editors/Creator/3.8.6/resources/resources/3d/engine/editor/assets/default_renderpipeline/builtin-pipeline-settings.ts from cce:/internal/x/prerequisite-imports as file:///C:/ProgramData/cocos/editors/Creator/3.8.6/resources/resources/3d/engine/editor/assets/default_renderpipeline/builtin-pipeline-settings.ts.
09:43:34.777 debug: Resolve file:///C:/ProgramData/cocos/editors/Creator/3.8.6/resources/resources/3d/engine/editor/assets/default_renderpipeline/builtin-pipeline-types.ts from cce:/internal/x/prerequisite-imports as file:///C:/ProgramData/cocos/editors/Creator/3.8.6/resources/resources/3d/engine/editor/assets/default_renderpipeline/builtin-pipeline-types.ts.
09:43:34.779 debug: Resolve file:///C:/ProgramData/cocos/editors/Creator/3.8.6/resources/resources/3d/engine/editor/assets/default_renderpipeline/builtin-pipeline.ts from cce:/internal/x/prerequisite-imports as file:///C:/ProgramData/cocos/editors/Creator/3.8.6/resources/resources/3d/engine/editor/assets/default_renderpipeline/builtin-pipeline.ts.
09:43:34.782 debug: Resolve file:///C:/ProgramData/cocos/editors/Creator/3.8.6/resources/resources/3d/engine/editor/assets/tools/debug-view-runtime-control.ts from cce:/internal/x/prerequisite-imports as file:///C:/ProgramData/cocos/editors/Creator/3.8.6/resources/resources/3d/engine/editor/assets/tools/debug-view-runtime-control.ts.
09:43:34.783 debug: Resolve file:///C:/myProject/cocos/assets/scripts/AutoFitContainerTest.ts from cce:/internal/x/prerequisite-imports as file:///C:/myProject/cocos/assets/scripts/AutoFitContainerTest.ts.
09:43:34.784 debug: Resolve file:///C:/myProject/cocos/assets/scripts/CombatManager.ts from cce:/internal/x/prerequisite-imports as file:///C:/myProject/cocos/assets/scripts/CombatManager.ts.
09:43:34.785 debug: Resolve file:///C:/myProject/cocos/assets/scripts/components/AutoFitContainer.ts from cce:/internal/x/prerequisite-imports as file:///C:/myProject/cocos/assets/scripts/components/AutoFitContainer.ts.
09:43:34.787 debug: Resolve file:///C:/myProject/cocos/assets/scripts/components/AutoFitContainerV2.ts from cce:/internal/x/prerequisite-imports as file:///C:/myProject/cocos/assets/scripts/components/AutoFitContainerV2.ts.
09:43:34.788 debug: Resolve file:///C:/myProject/cocos/assets/scripts/components/Marquee.ts from cce:/internal/x/prerequisite-imports as file:///C:/myProject/cocos/assets/scripts/components/Marquee.ts.
09:43:34.815 debug: Target(preview) ends with cost 64.53340000000026ms.
